-Xajruntimetarget:1.5
-Xlint:ignore
-16
-encoding
UTF-8
-showWeaveInfo
-source
16
-target
16
-verbose
-classpath
/Users/aleksandrslastin/.m2/repository/org/aspectj/aspectjrt/1.9.7/aspectjrt-1.9.7.jar:/Users/aleksandrslastin/.m2/repository/org/aspectj/aspectjweaver/1.9.7/aspectjweaver-1.9.7.jar:/Users/aleksandrslastin/Desktop/studying/s7/software-design/software-design-hw/hw7/target/classes
-d
/Users/aleksandrslastin/Desktop/studying/s7/software-design/software-design-hw/hw7/target/classes
-s
/Users/aleksandrslastin/Desktop/studying/s7/software-design/software-design-hw/hw7/target/generated-sources/aspectj-maven-plugin
/Users/aleksandrslastin/Desktop/studying/s7/software-design/software-design-hw/hw7/src/main/java/ru/aslastin/Profile.java
/Users/aleksandrslastin/Desktop/studying/s7/software-design/software-design-hw/hw7/src/main/java/ru/aslastin/RandomGenerator.java
/Users/aleksandrslastin/Desktop/studying/s7/software-design/software-design-hw/hw7/src/main/java/ru/aslastin/Operation.java
/Users/aleksandrslastin/Desktop/studying/s7/software-design/software-design-hw/hw7/src/main/java/ru/aslastin/Main.java
/Users/aleksandrslastin/Desktop/studying/s7/software-design/software-design-hw/hw7/src/main/java/ru/aslastin/AvlMap.java
/Users/aleksandrslastin/Desktop/studying/s7/software-design/software-design-hw/hw7/src/main/java/ru/aslastin/ProfilingAspect.aj
